********************************************************************************
DUPLICATOR-LITE PACKAGE-LOG: March 23, 2019 2:56 am
NOTICE: Do NOT post to public sites or forums 
********************************************************************************
VERSION:	1.3.10
WORDPRESS:	5.1.1
PHP INFO:	7.1.27 | SAPI: apache2handler
SERVER:		Apache/2.4.38 (Win64) OpenSSL/1.0.2r PHP/7.1.27 
PHP TIME LIMIT: (0) no time limit imposed 
PHP MAX MEMORY: 4294967296 (128M default) 
MEMORY STACK: 4MB 

********************************************************************************
DATABASE:
********************************************************************************
BUILD MODE:   MYSQLDUMP
MYSQLTIMEOUT: 5000
MYSQLDUMP:    Is Supported 
SQL CREATED: 20190323_daotam_006e223275467d789146_20190323025617_database.sql 
SQL FILE SIZE: 950.19KB (972998) 
SQL FILE TIME: 2019-03-23 02:56:45 
SQL RUNTIME: 0.65 sec. 

******************************************************************************** 
ARCHIVE (ZIP): 
******************************************************************************** 
ARCHIVE DIR:  E:/xampp/htdocs/tusach 
ARCHIVE FILE: 20190323_daotam_006e223275467d789146_20190323025617_archive.zip 
FILTERS: *OFF* 
DIRS:
	not set 
FILES:
	not set 
EXTS:  not set 
---------------------------------------- 
COMPRESSING 
SIZE:	55.62MB 
STATS:	Dirs 562 | Files 2,736 
SQL ADDED: 20190323_daotam_006e223275467d789146_20190323025617_database.sql 
ZipArchive Object
(
    [status] => 0
    [statusSys] => 0
    [numFiles] => 3298
    [filename] => E:\xampp\htdocs\tusach\wp-snapshots\tmp\20190323_daotam_006e223275467d789146_20190323025617_archive.zip
    [comment] => 
)
 
FILE ADDED TO ZIP: 3297 
COMPRESSION RESULT: '1' 
COMPRESSED SIZE: 17.54MB 
ARCHIVE RUNTIME: 11.33 sec. 
MEMORY STACK: 6MB 
building installer 
add_extra_files1 
add_extra_files2 
add_extra_files3 
add_extra_files4 
Doing archive file check 
add_extra_files5 
add_extra_files6 
add_extra_files8 
Successfully opened zip E:/xampp/htdocs/tusach/wp-snapshots/tmp/20190323_daotam_006e223275467d789146_20190323025617_archive.zip 
Adding enhanced installer files to archive using ZipArchive 
Installer files added to archive 
Added to archive 
After ziparchive close when adding installer 

******************************************************************************** 
INTEGRITY CHECKS: 
******************************************************************************** 
SQL FILE: 950.19KB 
INSTALLER FILE: 207.32KB 
ARCHIVE FILE: 18.48MB  
EXPECTED FILE/DIRECTORY COUNT: 3,298 
ACTUAL FILE/DIRECTORY COUNT: 3,297 
ARCHIVE CONSISTENCY TEST: Pass 

********************************************************************************
RECORD ID:[1]
TOTAL PROCESS RUNTIME: 12.82 sec.
PEAK PHP MEMORY USED: 6MB
DONE PROCESSING => 20190323_daotam March 23, 2019 2:56 am
 
